2020-08-27 08:01:54.681 [http-nio-22100-exec-3] DEBUG o.s.b.w.s.f.OrderedRequestContextFilter - Bound request context to thread: org.apache.catalina.connector.RequestFacade@29725fc3
2020-08-27 08:01:55.859 [http-nio-22100-exec-3] ERROR c.x.f.exception.ExceptionCatch - catch exception : 错误代码：25003错误信息：上传文件服务器失败！
exception: 
com.xuecheng.framework.exception.CustomException: 错误代码：25003错误信息：上传文件服务器失败！
	at com.xuecheng.framework.exception.ExceptionCast.cast(ExceptionCast.java:12)
	at com.xuecheng.filesystem.service.FileSystemService.upload(FileSystemService.java:53)
	at com.xuecheng.filesystem.controller.FileSystemController.upload(FileSystemController.java:26)
	at sun.reflect.NativeMethodAccessorImpl.invoke0(Native Method)
	at sun.reflect.NativeMethodAccessorImpl.invoke(NativeMethodAccessorImpl.java:62)
	at sun.reflect.DelegatingMethodAccessorImpl.invoke(DelegatingMethodAccessorImpl.java:43)
	at java.lang.reflect.Method.invoke(Method.java:498)
	at org.springframework.web.method.support.InvocableHandlerMethod.doInvoke(InvocableHandlerMethod.java:209)
	at org.springframework.web.method.support.InvocableHandlerMethod.invokeForRequest(InvocableHandlerMethod.java:136)
	at org.springframework.web.servlet.mvc.method.annotation.ServletInvocableHandlerMethod.invokeAndHandle(ServletInvocableHandlerMethod.java:102)
	at org.springframework.web.servlet.mvc.method.annotation.RequestMappingHandlerAdapter.invokeHandlerMethod(RequestMappingHandlerAdapter.java:877)
	at org.springframework.web.servlet.mvc.method.annotation.RequestMappingHandlerAdapter.handleInternal(RequestMappingHandlerAdapter.java:783)
	at org.springframework.web.servlet.mvc.method.AbstractHandlerMethodAdapter.handle(AbstractHandlerMethodAdapter.java:87)
	at org.springframework.web.servlet.DispatcherServlet.doDispatch(DispatcherServlet.java:991)
	at org.springframework.web.servlet.DispatcherServlet.doService(DispatcherServlet.java:925)
	at org.springframework.web.servlet.FrameworkServlet.processRequest(FrameworkServlet.java:974)
	at org.springframework.web.servlet.FrameworkServlet.doPost(FrameworkServlet.java:877)
	at javax.servlet.http.HttpServlet.service(HttpServlet.java:707)
	at org.springframework.web.servlet.FrameworkServlet.service(FrameworkServlet.java:851)
	at javax.servlet.http.HttpServlet.service(HttpServlet.java:790)
	at org.apache.catalina.core.ApplicationFilterChain.internalDoFilter(ApplicationFilterChain.java:231)
	at org.apache.catalina.core.ApplicationFilterChain.doFilter(ApplicationFilterChain.java:166)
	at org.apache.tomcat.websocket.server.WsFilter.doFilter(WsFilter.java:52)
	at org.apache.catalina.core.ApplicationFilterChain.internalDoFilter(ApplicationFilterChain.java:193)
	at org.apache.catalina.core.ApplicationFilterChain.doFilter(ApplicationFilterChain.java:166)
	at org.springframework.web.filter.RequestContextFilter.doFilterInternal(RequestContextFilter.java:99)
	at org.springframework.web.filter.OncePerRequestFilter.doFilter(OncePerRequestFilter.java:107)
	at org.apache.catalina.core.ApplicationFilterChain.internalDoFilter(ApplicationFilterChain.java:193)
	at org.apache.catalina.core.ApplicationFilterChain.doFilter(ApplicationFilterChain.java:166)
	at org.springframework.web.filter.HttpPutFormContentFilter.doFilterInternal(HttpPutFormContentFilter.java:109)
	at org.springframework.web.filter.OncePerRequestFilter.doFilter(OncePerRequestFilter.java:107)
	at org.apache.catalina.core.ApplicationFilterChain.internalDoFilter(ApplicationFilterChain.java:193)
	at org.apache.catalina.core.ApplicationFilterChain.doFilter(ApplicationFilterChain.java:166)
	at org.springframework.web.filter.HiddenHttpMethodFilter.doFilterInternal(HiddenHttpMethodFilter.java:81)
	at org.springframework.web.filter.OncePerRequestFilter.doFilter(OncePerRequestFilter.java:107)
	at org.apache.catalina.core.ApplicationFilterChain.internalDoFilter(ApplicationFilterChain.java:193)
	at org.apache.catalina.core.ApplicationFilterChain.doFilter(ApplicationFilterChain.java:166)
	at org.springframework.web.filter.CharacterEncodingFilter.doFilterInternal(CharacterEncodingFilter.java:200)
	at org.springframework.web.filter.OncePerRequestFilter.doFilter(OncePerRequestFilter.java:107)
	at org.apache.catalina.core.ApplicationFilterChain.internalDoFilter(ApplicationFilterChain.java:193)
	at org.apache.catalina.core.ApplicationFilterChain.doFilter(ApplicationFilterChain.java:166)
	at org.apache.catalina.core.StandardWrapperValve.invoke(StandardWrapperValve.java:199)
	at org.apache.catalina.core.StandardContextValve.invoke(StandardContextValve.java:96)
	at org.apache.catalina.authenticator.AuthenticatorBase.invoke(AuthenticatorBase.java:496)
	at org.apache.catalina.core.StandardHostValve.invoke(StandardHostValve.java:140)
	at org.apache.catalina.valves.ErrorReportValve.invoke(ErrorReportValve.java:81)
	at org.apache.catalina.core.StandardEngineValve.invoke(StandardEngineValve.java:87)
	at org.apache.catalina.connector.CoyoteAdapter.service(CoyoteAdapter.java:342)
	at org.apache.coyote.http11.Http11Processor.service(Http11Processor.java:803)
	at org.apache.coyote.AbstractProcessorLight.process(AbstractProcessorLight.java:66)
	at org.apache.coyote.AbstractProtocol$ConnectionHandler.process(AbstractProtocol.java:790)
	at org.apache.tomcat.util.net.NioEndpoint$SocketProcessor.doRun(NioEndpoint.java:1459)
	at org.apache.tomcat.util.net.SocketProcessorBase.run(SocketProcessorBase.java:49)
	at java.util.concurrent.ThreadPoolExecutor.runWorker(ThreadPoolExecutor.java:1149)
	at java.util.concurrent.ThreadPoolExecutor$Worker.run(ThreadPoolExecutor.java:624)
	at org.apache.tomcat.util.threads.TaskThread$WrappingRunnable.run(TaskThread.java:61)
	at java.lang.Thread.run(Thread.java:748)
2020-08-27 08:01:56.137 [http-nio-22100-exec-3] DEBUG o.s.b.w.s.f.OrderedRequestContextFilter - Cleared thread-bound request context: org.apache.catalina.connector.RequestFacade@29725fc3
2020-08-27 08:02:11.569 [http-nio-22100-exec-4] DEBUG o.s.b.w.s.f.OrderedRequestContextFilter - Bound request context to thread: org.apache.catalina.connector.RequestFacade@29725fc3
2020-08-27 08:02:11.752 [http-nio-22100-exec-4] DEBUG o.s.b.w.s.f.OrderedRequestContextFilter - Cleared thread-bound request context: org.apache.catalina.connector.RequestFacade@29725fc3
2020-08-27 08:18:21.460 [Thread-94] INFO  o.s.b.w.s.c.AnnotationConfigServletWebServerApplicationContext - Closing org.springframework.boot.web.servlet.context.AnnotationConfigServletWebServerApplicationContext@344b8190: startup date [Wed Aug 26 17:39:36 CST 2020]; parent: org.springframework.context.annotation.AnnotationConfigApplicationContext@71529963
2020-08-27 08:18:22.414 [Thread-94] INFO  o.s.c.s.DefaultLifecycleProcessor - Stopping beans in phase 2147483647
2020-08-27 08:18:22.942 [Thread-94] INFO  o.s.j.e.a.AnnotationMBeanExporter - Unregistering JMX-exposed beans on shutdown
2020-08-27 08:18:22.965 [Thread-94] INFO  o.s.j.e.a.AnnotationMBeanExporter - Unregistering JMX-exposed beans
2020-08-27 08:18:22.765 [Thread-31] INFO  o.s.b.w.s.c.AnnotationConfigServletWebServerApplicationContext - Closing org.springframework.boot.web.servlet.context.AnnotationConfigServletWebServerApplicationContext@d816dde: startup date [Wed Aug 26 18:02:40 CST 2020]; parent: org.springframework.context.annotation.AnnotationConfigApplicationContext@3688eb5b
2020-08-27 08:18:23.683 [Thread-94] INFO  org.mongodb.driver.connection - Closed connection [connectionId{localValue:2, serverValue:7}] to localhost:27017 because the pool has been closed.
2020-08-27 08:18:23.710 [Thread-31] INFO  o.s.c.s.DefaultLifecycleProcessor - Stopping beans in phase 2147483647
2020-08-27 08:18:24.071 [Thread-31] INFO  o.s.a.r.l.SimpleMessageListenerContainer - Waiting for workers to finish.
2020-08-27 08:18:24.157 [Thread-31] INFO  o.s.a.r.l.SimpleMessageListenerContainer - Successfully waited for workers to finish.
2020-08-27 08:18:24.162 [Thread-31] INFO  o.s.c.s.DefaultLifecycleProcessor - Stopping beans in phase 0
2020-08-27 08:18:24.438 [Thread-31] INFO  o.s.a.r.l.SimpleMessageListenerContainer - Shutdown ignored - container is not active already
2020-08-27 08:18:24.599 [Thread-31] INFO  o.s.j.e.a.AnnotationMBeanExporter - Unregistering JMX-exposed beans on shutdown
2020-08-27 08:18:24.608 [Thread-31] INFO  o.s.j.e.a.AnnotationMBeanExporter - Unregistering JMX-exposed beans
